Using pre-set license
Built from '2022.3/staging' branch; Version is '2022.3.14f1 (eff2de9070d8) revision 15725278'; Using compiler version '192829333'; Build Type 'Release'
OS: 'Windows 10  (10.0.19045) 64bit Professional' Language: 'en' Physical Memory: 16163 MB
BatchMode: 1, IsHumanControllingUs: 0, StartBugReporterOnCrash: 0, Is64bit: 1, IsPro: 1

COMMAND LINE ARGUMENTS:
D:\Unity\2022.3.14f1\Editor\Unity.exe
-adb2
-batchMode
-noUpm
-name
AssetImportWorker0
-projectPath
C:/Users/Ulyana/Desktop/BuildingSystem-master
-logFile
Logs/AssetImportWorker0.log
-srvPort
49185
Successfully changed project path to: C:/Users/Ulyana/Desktop/BuildingSystem-master
C:/Users/Ulyana/Desktop/BuildingSystem-master
[UnityMemory] Configuration Parameters - Can be set up in boot.config
    "memorysetup-bucket-allocator-granularity=16"
    "memorysetup-bucket-allocator-bucket-count=8"
    "memorysetup-bucket-allocator-block-size=33554432"
    "memorysetup-bucket-allocator-block-count=8"
    "memorysetup-main-allocator-block-size=16777216"
    "memorysetup-thread-allocator-block-size=16777216"
    "memorysetup-gfx-main-allocator-block-size=16777216"
    "memorysetup-gfx-thread-allocator-block-size=16777216"
    "memorysetup-cache-allocator-block-size=4194304"
    "memorysetup-typetree-allocator-block-size=2097152"
    "memorysetup-profiler-bucket-allocator-granularity=16"
    "memorysetup-profiler-bucket-allocator-bucket-count=8"
    "memorysetup-profiler-bucket-allocator-block-size=33554432"
    "memorysetup-profiler-bucket-allocator-block-count=8"
    "memorysetup-profiler-allocator-block-size=16777216"
    "memorysetup-profiler-editor-allocator-block-size=1048576"
    "memorysetup-temp-allocator-size-main=16777216"
    "memorysetup-job-temp-allocator-block-size=2097152"
    "memorysetup-job-temp-allocator-block-size-background=1048576"
    "memorysetup-job-temp-allocator-reduction-small-platforms=262144"
    "memorysetup-allocator-temp-initial-block-size-main=262144"
    "memorysetup-allocator-temp-initial-block-size-worker=262144"
    "memorysetup-temp-allocator-size-background-worker=32768"
    "memorysetup-temp-allocator-size-job-worker=262144"
    "memorysetup-temp-allocator-size-preload-manager=33554432"
    "memorysetup-temp-allocator-size-nav-mesh-worker=65536"
    "memorysetup-temp-allocator-size-audio-worker=65536"
    "memorysetup-temp-allocator-size-cloud-worker=32768"
    "memorysetup-temp-allocator-size-gi-baking-worker=262144"
    "memorysetup-temp-allocator-size-gfx=262144"
Player connection [22504] Host "[IP] 192.168.56.1 [Port] 0 [Flags] 2 [Guid] 4053971404 [EditorId] 4053971404 [Version] 1048832 [Id] WindowsEditor(7,WIN-VBGAS6R0VQL) [Debug] 1 [PackageName] WindowsEditor [ProjectName] Editor" joined multi-casting on [225.0.0.222:54997]...

Player connection [22504] Host "[IP] 192.168.56.1 [Port] 0 [Flags] 2 [Guid] 4053971404 [EditorId] 4053971404 [Version] 1048832 [Id] WindowsEditor(7,WIN-VBGAS6R0VQL) [Debug] 1 [PackageName] WindowsEditor [ProjectName] Editor" joined alternative multi-casting on [225.0.0.222:34997]...

[Physics::Module] Initialized MultithreadedJobDispatcher with 11 workers.
Refreshing native plugins compatible for Editor in 5.11 ms, found 2 plugins.
Preloading 0 native plugins for Editor in 0.00 ms.
Initialize engine version: 2022.3.14f1 (eff2de9070d8)
[Subsystems] Discovering subsystems at path D:/Unity/2022.3.14f1/Editor/Data/Resources/UnitySubsystems
[Subsystems] Discovering subsystems at path C:/Users/Ulyana/Desktop/BuildingSystem-master/Assets
GfxDevice: creating device client; threaded=0; jobified=0
Direct3D:
    Version:  Direct3D 11.0 [level 11.1]
    Renderer: NVIDIA GeForce RTX 3050 Ti Laptop GPU (ID=0x25a0)
    Vendor:   NVIDIA
    VRAM:     3990 MB
    Driver:   31.0.15.1740
Initialize mono
Mono path[0] = 'D:/Unity/2022.3.14f1/Editor/Data/Managed'
Mono path[1] = 'D:/Unity/2022.3.14f1/Editor/Data/MonoBleedingEdge/lib/mono/unityjit-win32'
Mono config path = 'D:/Unity/2022.3.14f1/Editor/Data/MonoBleedingEdge/etc'
Using monoOptions --debugger-agent=transport=dt_socket,embedding=1,server=y,suspend=n,address=127.0.0.1:56864
Begin MonoManager ReloadAssembly
Registering precompiled unity dll's ...
Register platform support module: D:/Unity/2022.3.14f1/Editor/Data/PlaybackEngines/AndroidPlayer/UnityEditor.Android.Extensions.dll
Register platform support module: D:/Unity/2022.3.14f1/Editor/Data/PlaybackEngines/WindowsStandaloneSupport/UnityEditor.WindowsStandalone.Extensions.dll
Registered in 0.005356 seconds.
- Loaded All Assemblies, in  0.413 seconds
Native extension for WindowsStandalone target not found
Native extension for Android target not found
Android Extension - Scanning For ADB Devices 240 ms
Mono: successfully reloaded assembly
- Finished resetting the current domain, in  0.581 seconds
Domain Reload Profiling: 993ms
	BeginReloadAssembly (124ms)
		ExecutionOrderSort (0ms)
		DisableScriptedObjects (0ms)
		BackupInstance (0ms)
		ReleaseScriptingObjects (0ms)
		CreateAndSetChildDomain (1ms)
	RebuildCommonClasses (34ms)
	RebuildNativeTypeToScriptingClass (13ms)
	initialDomainReloadingComplete (66ms)
	LoadAllAssembliesAndSetupDomain (175ms)
		LoadAssemblies (125ms)
		RebuildTransferFunctionScriptingTraits (0ms)
		AnalyzeDomain (172ms)
			TypeCache.Refresh (170ms)
				TypeCache.ScanAssembly (154ms)
			ScanForSourceGeneratedMonoScriptInfo (1ms)
			ResolveRequiredComponents (1ms)
	FinalizeReload (581ms)
		ReleaseScriptCaches (0ms)
		RebuildScriptCaches (0ms)
		SetupLoadedEditorAssemblies (523ms)
			LogAssemblyErrors (0ms)
			InitializePlatformSupportModulesInManaged (358ms)
			SetLoadedEditorAssemblies (5ms)
			RefreshPlugins (0ms)
			BeforeProcessingInitializeOnLoad (3ms)
			ProcessInitializeOnLoadAttributes (116ms)
			ProcessInitializeOnLoadMethodAttributes (41ms)
			AfterProcessingInitializeOnLoad (0ms)
			EditorAssembliesLoaded (0ms)
		ExecutionOrderSort2 (0ms)
		AwakeInstancesAfterBackupRestoration (0ms)
========================================================================
Worker process is ready to serve import requests
Begin MonoManager ReloadAssembly
- Loaded All Assemblies, in  0.553 seconds
Refreshing native plugins compatible for Editor in 1.30 ms, found 2 plugins.
Native extension for WindowsStandalone target not found
Native extension for Android target not found
Package Manager log level set to [2]
[Package Manager] Server::EnsureServerProcessIsRunning -- launch failed, reason: Unity was launched with the -noUpm command-line argument
[Package Manager] UpmClient::Send -- Unable to send message (not connected to UPM process).
[Package Manager] Cannot connect to Unity Package Manager local server
Mono: successfully reloaded assembly
- Finished resetting the current domain, in  0.789 seconds
Domain Reload Profiling: 1342ms
	BeginReloadAssembly (157ms)
		ExecutionOrderSort (0ms)
		DisableScriptedObjects (4ms)
		BackupInstance (0ms)
		ReleaseScriptingObjects (0ms)
		CreateAndSetChildDomain (28ms)
	RebuildCommonClasses (47ms)
	RebuildNativeTypeToScriptingClass (26ms)
	initialDomainReloadingComplete (45ms)
	LoadAllAssembliesAndSetupDomain (278ms)
		LoadAssemblies (241ms)
		RebuildTransferFunctionScriptingTraits (0ms)
		AnalyzeDomain (130ms)
			TypeCache.Refresh (119ms)
				TypeCache.ScanAssembly (104ms)
			ScanForSourceGeneratedMonoScriptInfo (8ms)
			ResolveRequiredComponents (2ms)
	FinalizeReload (790ms)
		ReleaseScriptCaches (0ms)
		RebuildScriptCaches (0ms)
		SetupLoadedEditorAssemblies (643ms)
			LogAssemblyErrors (0ms)
			InitializePlatformSupportModulesInManaged (27ms)
			SetLoadedEditorAssemblies (3ms)
			RefreshPlugins (0ms)
			BeforeProcessingInitializeOnLoad (52ms)
			ProcessInitializeOnLoadAttributes (532ms)
			ProcessInitializeOnLoadMethodAttributes (25ms)
			AfterProcessingInitializeOnLoad (3ms)
			EditorAssembliesLoaded (0ms)
		ExecutionOrderSort2 (0ms)
		AwakeInstancesAfterBackupRestoration (8ms)
Launched and connected shader compiler UnityShaderCompiler.exe after 0.04 seconds
Refreshing native plugins compatible for Editor in 1.51 ms, found 2 plugins.
Preloading 0 native plugins for Editor in 0.00 ms.
Unloading 1819 Unused Serialized files (Serialized files now loaded: 0)
Unloading 29 unused Assets / (54.1 KB). Loaded Objects now: 2292.
Memory consumption went from 99.2 MB to 99.2 MB.
Total: 3.099500 ms (FindLiveObjects: 0.139900 ms CreateObjectMapping: 0.034200 ms MarkObjects: 2.816700 ms  DeleteObjects: 0.107400 ms)

AssetImportParameters requested are different than current active one (requested -> active):
  custom:video-decoder-webm-vp8: 9c59270c3fd7afecdb556c50c9e8de78 -> 
  custom:SearchIndexIgnoredProperties: e643bd26f0fe6173181afceb89e7c659 -> 
  custom:container-demuxer-ogg: 62fdf1f143b41e24485cea50d1cbac27 -> 
  custom:AudioImporter_EditorPlatform: d09bf68614088b80899f8185d706f6e7 -> 
  custom:video-decoder-ogg-theora: a1e56fd34408186e4bbccfd4996cb3dc -> 
  custom:framework-win-MediaFoundation: 216162199b28c13a410421893ffa2e32 -> 
  custom:video-encoder-webm-vp8: eb34c28f22e8b96e1ab97ce403110664 -> 
  custom:audio-decoder-ogg-vorbis: bf7c407c2cedff20999df2af8eb42d56 -> 
  custom:CustomObjectIndexerAttribute: 756ad292c208cfabdd7b50bc23989ffe -> 
  custom:container-demuxer-webm: 4f35f7cbe854078d1ac9338744f61a02 -> 
  custom:audio-encoder-webm-vorbis: bf7c407c2cedff20999df2af8eb42d56 -> 
  custom:container-muxer-webm: aa71ff27fc2769a1b78a27578f13a17b -> 
========================================================================
Received Import Request.
  Time since last request: 1273049.875803 seconds.
  path: Assets/Scripts/Grid/BuildingsGrid.cs
  artifactKey: Guid(bd255fdcb1c260c4fa9dc2b69c3239e5) Importer(815301076,1909f56bfc062723c751e8b465ee728b)
Start importing Assets/Scripts/Grid/BuildingsGrid.cs using Guid(bd255fdcb1c260c4fa9dc2b69c3239e5) Importer(815301076,1909f56bfc062723c751e8b465ee728b)  -> (artifact id: '15299d0849018b31267d62e7e9c2517e') in 0.002734 seconds
Number of updated asset objects reloaded before import = 0
Number of asset objects unloaded after import = 0
========================================================================
Received Import Request.
  Time since last request: 15.070679 seconds.
  path: Assets/Scripts/Grid/Grid.asmdef
  artifactKey: Guid(6d3978bca8faea543a99a592af552295) Importer(815301076,1909f56bfc062723c751e8b465ee728b)
Start importing Assets/Scripts/Grid/Grid.asmdef using Guid(6d3978bca8faea543a99a592af552295) Importer(815301076,1909f56bfc062723c751e8b465ee728b)  -> (artifact id: 'f67ea991445d37c1f9d2f5b6c206f9cc') in 0.000782 seconds
Number of updated asset objects reloaded before import = 0
Number of asset objects unloaded after import = 0
========================================================================
Received Import Request.
  Time since last request: 127.449321 seconds.
  path: Assets/Scripts/Grid/Grid.asmdef
  artifactKey: Guid(6d3978bca8faea543a99a592af552295) Importer(815301076,1909f56bfc062723c751e8b465ee728b)
Start importing Assets/Scripts/Grid/Grid.asmdef using Guid(6d3978bca8faea543a99a592af552295) Importer(815301076,1909f56bfc062723c751e8b465ee728b)  -> (artifact id: '58238c6eab97718cac476da24decd2e5') in 0.000479 seconds
Number of updated asset objects reloaded before import = 0
Number of asset objects unloaded after import = 0
========================================================================
Received Import Request.
  Time since last request: 29.872775 seconds.
  path: Packages/com.unity.inputsystem/InputSystem/Editor/Icons/MultiplayerEventSystem@64.png
  artifactKey: Guid(6a237171e2346e3458db37eb0f90d42b) Importer(815301076,1909f56bfc062723c751e8b465ee728b)
Start importing Packages/com.unity.inputsystem/InputSystem/Editor/Icons/MultiplayerEventSystem@64.png using Guid(6a237171e2346e3458db37eb0f90d42b) Importer(815301076,1909f56bfc062723c751e8b465ee728b)  -> (artifact id: '4d23cffd391ad6cf4c940d0ba44d32ab') in 0.054234 seconds
Number of updated asset objects reloaded before import = 0
Number of asset objects unloaded after import = 2
========================================================================
Received Import Request.
  Time since last request: 2.714724 seconds.
  path: Packages/com.unity.test-framework/UnityEngine.TestRunner/TestRunner/RemoteHelpers/PlayerConnectionMessageIds.cs
  artifactKey: Guid(41d60936b62cc6d4ca7fe628b22b0e40) Importer(815301076,1909f56bfc062723c751e8b465ee728b)
Start importing Packages/com.unity.test-framework/UnityEngine.TestRunner/TestRunner/RemoteHelpers/PlayerConnectionMessageIds.cs using Guid(41d60936b62cc6d4ca7fe628b22b0e40) Importer(815301076,1909f56bfc062723c751e8b465ee728b)  -> (artifact id: 'a22ce93e2cc5b95302dc0db958c7f2d8') in 0.000535 seconds
Number of updated asset objects reloaded before import = 0
Number of asset objects unloaded after import = 0
========================================================================
Received Import Request.
  Time since last request: 17.075009 seconds.
  path: Packages/com.unity.inputsystem/InputSystem/Plugins/PlayerInput
  artifactKey: Guid(1cccd07fcea7f491793d4e7a5adc17a2) Importer(815301076,1909f56bfc062723c751e8b465ee728b)
Start importing Packages/com.unity.inputsystem/InputSystem/Plugins/PlayerInput using Guid(1cccd07fcea7f491793d4e7a5adc17a2) Importer(815301076,1909f56bfc062723c751e8b465ee728b)  -> (artifact id: 'fd4968de9130b6484cecc66c9126eb61') in 0.000448 seconds
Number of updated asset objects reloaded before import = 0
Number of asset objects unloaded after import = 0
========================================================================
Received Import Request.
  Time since last request: 33.473675 seconds.
  path: Packages/com.unity.inputsystem/DocCodeSamples.Tests/DocCodeSamples.asmdef
  artifactKey: Guid(41b01d3964f844d8b43923c18b3a9a6f) Importer(815301076,1909f56bfc062723c751e8b465ee728b)
Start importing Packages/com.unity.inputsystem/DocCodeSamples.Tests/DocCodeSamples.asmdef using Guid(41b01d3964f844d8b43923c18b3a9a6f) Importer(815301076,1909f56bfc062723c751e8b465ee728b)  -> (artifact id: '71eb6a82cbd5cffa5757e0b3c2e89e67') in 0.000422 seconds
Number of updated asset objects reloaded before import = 0
Number of asset objects unloaded after import = 0
========================================================================
Received Import Request.
  Time since last request: 4.056048 seconds.
  path: Assets/Scripts/Input
  artifactKey: Guid(79f5bc8ea7caec34d844b94d9fc3348a) Importer(815301076,1909f56bfc062723c751e8b465ee728b)
Start importing Assets/Scripts/Input using Guid(79f5bc8ea7caec34d844b94d9fc3348a) Importer(815301076,1909f56bfc062723c751e8b465ee728b)  -> (artifact id: 'fbc4088461def8f9025b8ed0e3bc9d23') in 0.000433 seconds
Number of updated asset objects reloaded before import = 0
Number of asset objects unloaded after import = 0
========================================================================
Received Import Request.
  Time since last request: 0.261953 seconds.
  path: Assets/Scripts/Input/Input.asmdef
  artifactKey: Guid(701e6c7a14222f64990bbe15db50a537) Importer(815301076,1909f56bfc062723c751e8b465ee728b)
Start importing Assets/Scripts/Input/Input.asmdef using Guid(701e6c7a14222f64990bbe15db50a537) Importer(815301076,1909f56bfc062723c751e8b465ee728b)  -> (artifact id: 'fd8ecd7db8de6d7a0c72f268e9f87336') in 0.000536 seconds
Number of updated asset objects reloaded before import = 0
Number of asset objects unloaded after import = 0
========================================================================
Received Import Request.
  Time since last request: 2.028355 seconds.
  path: Assets/Scripts/UI
  artifactKey: Guid(bff9b9d9d3311b843980521a5f797238) Importer(815301076,1909f56bfc062723c751e8b465ee728b)
Start importing Assets/Scripts/UI using Guid(bff9b9d9d3311b843980521a5f797238) Importer(815301076,1909f56bfc062723c751e8b465ee728b)  -> (artifact id: '98622ecfabe205ffdddd037e70abf095') in 0.000407 seconds
Number of updated asset objects reloaded before import = 0
Number of asset objects unloaded after import = 0
========================================================================
Received Import Request.
  Time since last request: 0.104661 seconds.
  path: Assets/Scripts/UI/UI.asmdef
  artifactKey: Guid(20fd8cb468c02f14f88175985856c5d4) Importer(815301076,1909f56bfc062723c751e8b465ee728b)
Start importing Assets/Scripts/UI/UI.asmdef using Guid(20fd8cb468c02f14f88175985856c5d4) Importer(815301076,1909f56bfc062723c751e8b465ee728b)  -> (artifact id: '91f9d2985c56f93be64532029aa50298') in 0.000638 seconds
Number of updated asset objects reloaded before import = 0
Number of asset objects unloaded after import = 0
========================================================================
Received Prepare
Begin MonoManager ReloadAssembly
- Loaded All Assemblies, in  0.410 seconds
Refreshing native plugins compatible for Editor in 2.04 ms, found 2 plugins.
Native extension for WindowsStandalone target not found
Native extension for Android target not found
[Package Manager] Server::EnsureServerProcessIsRunning -- launch failed, reason: Unity was launched with the -noUpm command-line argument
[Package Manager] UpmClient::Send -- Unable to send message (not connected to UPM process).
[Package Manager] Cannot connect to Unity Package Manager local server
Mono: successfully reloaded assembly
- Finished resetting the current domain, in  0.913 seconds
Domain Reload Profiling: 1324ms
	BeginReloadAssembly (178ms)
		ExecutionOrderSort (0ms)
		DisableScriptedObjects (4ms)
		BackupInstance (0ms)
		ReleaseScriptingObjects (0ms)
		CreateAndSetChildDomain (36ms)
	RebuildCommonClasses (41ms)
	RebuildNativeTypeToScriptingClass (13ms)
	initialDomainReloadingComplete (26ms)
	LoadAllAssembliesAndSetupDomain (152ms)
		LoadAssemblies (227ms)
		RebuildTransferFunctionScriptingTraits (0ms)
		AnalyzeDomain (23ms)
			TypeCache.Refresh (6ms)
				TypeCache.ScanAssembly (0ms)
			ScanForSourceGeneratedMonoScriptInfo (12ms)
			ResolveRequiredComponents (3ms)
	FinalizeReload (914ms)
		ReleaseScriptCaches (0ms)
		RebuildScriptCaches (0ms)
		SetupLoadedEditorAssemblies (589ms)
			LogAssemblyErrors (0ms)
			InitializePlatformSupportModulesInManaged (25ms)
			SetLoadedEditorAssemblies (4ms)
			RefreshPlugins (0ms)
			BeforeProcessingInitializeOnLoad (47ms)
			ProcessInitializeOnLoadAttributes (487ms)
			ProcessInitializeOnLoadMethodAttributes (23ms)
			AfterProcessingInitializeOnLoad (2ms)
			EditorAssembliesLoaded (0ms)
		ExecutionOrderSort2 (0ms)
		AwakeInstancesAfterBackupRestoration (7ms)
Refreshing native plugins compatible for Editor in 1.20 ms, found 2 plugins.
Preloading 0 native plugins for Editor in 0.00 ms.
Unloading 1812 Unused Serialized files (Serialized files now loaded: 0)
Unloading 17 unused Assets / (28.5 KB). Loaded Objects now: 2299.
Memory consumption went from 99.1 MB to 99.1 MB.
Total: 3.401700 ms (FindLiveObjects: 0.239400 ms CreateObjectMapping: 0.073100 ms MarkObjects: 3.044200 ms  DeleteObjects: 0.043900 ms)

Prepare: number of updated asset objects reloaded= 0
AssetImportParameters requested are different than current active one (requested -> active):
  custom:video-decoder-webm-vp8: 9c59270c3fd7afecdb556c50c9e8de78 -> 
  custom:SearchIndexIgnoredProperties: e643bd26f0fe6173181afceb89e7c659 -> 
  custom:container-demuxer-ogg: 62fdf1f143b41e24485cea50d1cbac27 -> 
  custom:AudioImporter_EditorPlatform: d09bf68614088b80899f8185d706f6e7 -> 
  custom:video-decoder-ogg-theora: a1e56fd34408186e4bbccfd4996cb3dc -> 
  custom:framework-win-MediaFoundation: 216162199b28c13a410421893ffa2e32 -> 
  custom:video-encoder-webm-vp8: eb34c28f22e8b96e1ab97ce403110664 -> 
  custom:audio-decoder-ogg-vorbis: bf7c407c2cedff20999df2af8eb42d56 -> 
  custom:CustomObjectIndexerAttribute: 756ad292c208cfabdd7b50bc23989ffe -> 
  custom:container-demuxer-webm: 4f35f7cbe854078d1ac9338744f61a02 -> 
  custom:audio-encoder-webm-vorbis: bf7c407c2cedff20999df2af8eb42d56 -> 
  custom:container-muxer-webm: aa71ff27fc2769a1b78a27578f13a17b -> 
========================================================================
Received Import Request.
  Time since last request: 216.911964 seconds.
  path: Assets/Input
  artifactKey: Guid(4aa0f23227df5b54293671a322042a8a) Importer(815301076,1909f56bfc062723c751e8b465ee728b)
Start importing Assets/Input using Guid(4aa0f23227df5b54293671a322042a8a) Importer(815301076,1909f56bfc062723c751e8b465ee728b)  -> (artifact id: 'a037a6f92b4ccb887a89af42f5887813') in 0.002245 seconds
Number of updated asset objects reloaded before import = 0
Number of asset objects unloaded after import = 0
========================================================================
Received Import Request.
  Time since last request: 21.381632 seconds.
  path: Assets/Input/PlayerControls.cs
  artifactKey: Guid(1043851d81497b6428a95df79dd1b606) Importer(815301076,1909f56bfc062723c751e8b465ee728b)
Start importing Assets/Input/PlayerControls.cs using Guid(1043851d81497b6428a95df79dd1b606) Importer(815301076,1909f56bfc062723c751e8b465ee728b)  -> (artifact id: '8dc054e85b39318d36b11f1e921f9049') in 0.000481 seconds
Number of updated asset objects reloaded before import = 0
Number of asset objects unloaded after import = 0
========================================================================
Received Import Request.
  Time since last request: 32.342442 seconds.
  path: Assets/Input/PlayerControls.cs
  artifactKey: Guid(1043851d81497b6428a95df79dd1b606) Importer(815301076,1909f56bfc062723c751e8b465ee728b)
Start importing Assets/Input/PlayerControls.cs using Guid(1043851d81497b6428a95df79dd1b606) Importer(815301076,1909f56bfc062723c751e8b465ee728b)  -> (artifact id: 'd757e21dd1a14a73256ce89cfdc0fea7') in 0.000564 seconds
Number of updated asset objects reloaded before import = 0
Number of asset objects unloaded after import = 0
========================================================================
Received Import Request.
  Time since last request: 37.041157 seconds.
  path: Assets/Input/PlayerControls.cs
  artifactKey: Guid(1043851d81497b6428a95df79dd1b606) Importer(815301076,1909f56bfc062723c751e8b465ee728b)
Start importing Assets/Input/PlayerControls.cs using Guid(1043851d81497b6428a95df79dd1b606) Importer(815301076,1909f56bfc062723c751e8b465ee728b)  -> (artifact id: 'ed9e19e45e626a0ef550cb9f5e650817') in 0.000422 seconds
Number of updated asset objects reloaded before import = 0
Number of asset objects unloaded after import = 0
========================================================================
Received Import Request.
  Time since last request: 31.038247 seconds.
  path: Assets/Scripts/Input/PlayerControl.inputactions
  artifactKey: Guid(3278e22294633c445b1d56a1420f7026) Importer(815301076,1909f56bfc062723c751e8b465ee728b)
Start importing Assets/Scripts/Input/PlayerControl.inputactions using Guid(3278e22294633c445b1d56a1420f7026) Importer(815301076,1909f56bfc062723c751e8b465ee728b)  -> (artifact id: 'e5a3de1b027409d88a1121a3d33763ed') in 0.010189 seconds
Number of updated asset objects reloaded before import = 0
Number of asset objects unloaded after import = 3
========================================================================
Received Import Request.
  Time since last request: 17.412075 seconds.
  path: Assets/Scripts/Grid/Grid.asmdef
  artifactKey: Guid(6d3978bca8faea543a99a592af552295) Importer(815301076,1909f56bfc062723c751e8b465ee728b)
Start importing Assets/Scripts/Grid/Grid.asmdef using Guid(6d3978bca8faea543a99a592af552295) Importer(815301076,1909f56bfc062723c751e8b465ee728b)  -> (artifact id: '7572f3dc69f4ae8707565d8fd74959b0') in 0.000476 seconds
Number of updated asset objects reloaded before import = 1
Number of asset objects unloaded after import = 0
========================================================================
Received Import Request.
  Time since last request: 8.948418 seconds.
  path: Assets/Scripts/Grid/Grid.asmdef
  artifactKey: Guid(6d3978bca8faea543a99a592af552295) Importer(815301076,1909f56bfc062723c751e8b465ee728b)
Start importing Assets/Scripts/Grid/Grid.asmdef using Guid(6d3978bca8faea543a99a592af552295) Importer(815301076,1909f56bfc062723c751e8b465ee728b)  -> (artifact id: '134a6c499bbf7cf48a75232c898e095d') in 0.000468 seconds
Number of updated asset objects reloaded before import = 0
Number of asset objects unloaded after import = 0
========================================================================
Received Import Request.
  Time since last request: 43.121833 seconds.
  path: Assets/Scripts/Input/Input.asmdef
  artifactKey: Guid(701e6c7a14222f64990bbe15db50a537) Importer(815301076,1909f56bfc062723c751e8b465ee728b)
Start importing Assets/Scripts/Input/Input.asmdef using Guid(701e6c7a14222f64990bbe15db50a537) Importer(815301076,1909f56bfc062723c751e8b465ee728b)  -> (artifact id: '3def8d1fd96de04709ef1679898b0716') in 0.000537 seconds
Number of updated asset objects reloaded before import = 0
Number of asset objects unloaded after import = 0
========================================================================
Received Import Request.
  Time since last request: 125.450762 seconds.
  path: Assets/Scripts/Input/PlayerControls.cs
  artifactKey: Guid(e6d27a99aa1d4534dac5294cc806d030) Importer(815301076,1909f56bfc062723c751e8b465ee728b)
Start importing Assets/Scripts/Input/PlayerControls.cs using Guid(e6d27a99aa1d4534dac5294cc806d030) Importer(815301076,1909f56bfc062723c751e8b465ee728b)  -> (artifact id: '4f460142c094a2a31ea21391131cb8ad') in 0.000559 seconds
Number of updated asset objects reloaded before import = 0
Number of asset objects unloaded after import = 0
========================================================================
Received Import Request.
  Time since last request: 12.921447 seconds.
  path: Assets/Scripts/Building/Building.cs
  artifactKey: Guid(e15baeee0760efe45b4f82ca9dc26b76) Importer(815301076,1909f56bfc062723c751e8b465ee728b)
Start importing Assets/Scripts/Building/Building.cs using Guid(e15baeee0760efe45b4f82ca9dc26b76) Importer(815301076,1909f56bfc062723c751e8b465ee728b)  -> (artifact id: '61ab5d89018615d6e9affcad01f645b2') in 0.000443 seconds
Number of updated asset objects reloaded before import = 0
Number of asset objects unloaded after import = 0
========================================================================
Received Import Request.
  Time since last request: 3.567056 seconds.
  path: Assets/Scripts/Grid/BuildingsGrid.cs
  artifactKey: Guid(bd255fdcb1c260c4fa9dc2b69c3239e5) Importer(815301076,1909f56bfc062723c751e8b465ee728b)
Start importing Assets/Scripts/Grid/BuildingsGrid.cs using Guid(bd255fdcb1c260c4fa9dc2b69c3239e5) Importer(815301076,1909f56bfc062723c751e8b465ee728b)  -> (artifact id: 'bcbb1ebd311451d609879177c8fe5345') in 0.000430 seconds
Number of updated asset objects reloaded before import = 0
Number of asset objects unloaded after import = 0
========================================================================
Received Import Request.
  Time since last request: 13.122006 seconds.
  path: Assets/Scripts/Grid/PlayerControls.inputactions
  artifactKey: Guid(579b8ec43d5f2e04682bfd23b637edb6) Importer(815301076,1909f56bfc062723c751e8b465ee728b)
Start importing Assets/Scripts/Grid/PlayerControls.inputactions using Guid(579b8ec43d5f2e04682bfd23b637edb6) Importer(815301076,1909f56bfc062723c751e8b465ee728b)  -> (artifact id: '613970c17de710a0dbae4be5f411ddef') in 0.001210 seconds
Number of updated asset objects reloaded before import = 0
Number of asset objects unloaded after import = 1
========================================================================
Received Import Request.
  Time since last request: 51.184388 seconds.
  path: Assets/Scripts/Grid/PlayerControls.inputactions
  artifactKey: Guid(579b8ec43d5f2e04682bfd23b637edb6) Importer(815301076,1909f56bfc062723c751e8b465ee728b)
Start importing Assets/Scripts/Grid/PlayerControls.inputactions using Guid(579b8ec43d5f2e04682bfd23b637edb6) Importer(815301076,1909f56bfc062723c751e8b465ee728b)  -> (artifact id: '9bcf663397d37114a8c8f582617cf8bc') in 0.002064 seconds
Number of updated asset objects reloaded before import = 0
Number of asset objects unloaded after import = 3
========================================================================
Received Import Request.
  Time since last request: 15.948643 seconds.
  path: Assets/Scripts/Grid/PlayerControls.inputactions
  artifactKey: Guid(579b8ec43d5f2e04682bfd23b637edb6) Importer(815301076,1909f56bfc062723c751e8b465ee728b)
Start importing Assets/Scripts/Grid/PlayerControls.inputactions using Guid(579b8ec43d5f2e04682bfd23b637edb6) Importer(815301076,1909f56bfc062723c751e8b465ee728b)  -> (artifact id: '393c078272ff4718f3ea5870cf459746') in 0.001530 seconds
Number of updated asset objects reloaded before import = 0
Number of asset objects unloaded after import = 3
========================================================================
Received Import Request.
  Time since last request: 9.082920 seconds.
  path: Assets/Scripts/Grid/PlayerControls.inputactions
  artifactKey: Guid(579b8ec43d5f2e04682bfd23b637edb6) Importer(815301076,1909f56bfc062723c751e8b465ee728b)
Start importing Assets/Scripts/Grid/PlayerControls.inputactions using Guid(579b8ec43d5f2e04682bfd23b637edb6) Importer(815301076,1909f56bfc062723c751e8b465ee728b)  -> (artifact id: '62a83039991747ad93b768dad3b6a7cb') in 0.002017 seconds
Number of updated asset objects reloaded before import = 0
Number of asset objects unloaded after import = 3
========================================================================
Received Import Request.
  Time since last request: 14.427121 seconds.
  path: Packages/com.unity.inputsystem/InputSystem/Actions/InputActionReference.cs
  artifactKey: Guid(fc1515ab76e54f068e2f2207940fab32) Importer(815301076,1909f56bfc062723c751e8b465ee728b)
Start importing Packages/com.unity.inputsystem/InputSystem/Actions/InputActionReference.cs using Guid(fc1515ab76e54f068e2f2207940fab32) Importer(815301076,1909f56bfc062723c751e8b465ee728b)  -> (artifact id: '87c5f43360258c0d8f8235bb574ca5ff') in 0.000431 seconds
Number of updated asset objects reloaded before import = 0
Number of asset objects unloaded after import = 0
